Arguments: 
  C:\Program Files\nodejs\node.exe C:\Users\计传婷\AppData\Roaming\npm\node_modules\yarn\bin\yarn.js add flow-removw-types --dev

PATH: 
  C:\Program Files\Git\mingw64\bin;C:\Program Files\Git\usr\bin;C:\Users\计传婷\bin;C:\Users\计传婷\bin;C:\Program Files\Git\mingw64\bin;C:\Program Files\Git\usr\local\bin;C:\Program Files\Git\usr\bin;C:\Program Files\Git\usr\bin;C:\Program Files\Git\mingw64\bin;C:\Program Files\Git\usr\bin;C:\Users\计传婷\bin;C:\adb;C:\windows\system32;C:\windows;C:\windows\System32\Wbem;C:\windows\System32\WindowsPowerShell\v1.0;C:\windows\System32\OpenSSH;C:\Program Files\Git\cmd;C:\Program Files\nodejs;C:\Users\计传婷\AppData\Local\Microsoft\WindowsApps;C:\Users\计传婷\AppData\Local\Programs\Microsoft VS Code\bin;C:\Users\计传婷\AppData\Roaming\npm;C:\Users\计传婷\AppData\Local\GitHubDesktop\bin;C:\Program Files\Git\usr\bin\vendor_perl;C:\Program Files\Git\usr\bin\core_perl

Yarn version: 
  1.22.10

Node version: 
  14.15.4

Platform: 
  win32 x64

Trace: 
  Error: https://registry.npm.taobao.org/flow-removw-types: Not found
      at Request.params.callback [as _callback] (C:\Users\计传婷\AppData\Roaming\npm\node_modules\yarn\lib\cli.js:66988:18)
      at Request.self.callback (C:\Users\计传婷\AppData\Roaming\npm\node_modules\yarn\lib\cli.js:140662:22)
      at Request.emit (events.js:315:20)
      at Request.<anonymous> (C:\Users\计传婷\AppData\Roaming\npm\node_modules\yarn\lib\cli.js:141634:10)
      at Request.emit (events.js:315:20)
      at IncomingMessage.<anonymous> (C:\Users\计传婷\AppData\Roaming\npm\node_modules\yarn\lib\cli.js:141556:12)
      at Object.onceWrapper (events.js:421:28)
      at IncomingMessage.emit (events.js:327:22)
      at endReadableNT (internal/streams/readable.js:1327:12)
      at processTicksAndRejections (internal/process/task_queues.js:80:21)

npm manifest: 
  {
      "name": "typescript",
      "version": "1.0.0",
      "main": "index.js",
      "license": "MIT",
      "devDependencies": {
          "flow-bin": "^0.155.1"
      }
  }

yarn manifest: 
  No manifest

Lockfile: 
  # THIS IS AN AUTOGENERATED FILE. DO NOT EDIT THIS FILE DIRECTLY.
  # yarn lockfile v1
  
  
  flow-bin@^0.155.1:
    version "0.155.1"
    resolved "https://registry.nlark.com/flow-bin/download/flow-bin-0.155.1.tgz?cache=0&sync_timestamp=1626484648890&other_urls=https%3A%2F%2Fregistry.nlark.com%2Fflow-bin%2Fdownload%2Fflow-bin-0.155.1.tgz#1263ee3e0f42d11cb13ba56c3851a096213ce5f7"
    integrity sha1-EmPuPg9C0RyxO6VsOFGgliE85fc=
