Arguments: 
  C:\Program Files\nodejs\node.exe C:\Users\计传婷\AppData\Roaming\npm\node_modules\yarn\bin\yarn.js add guip --dev

PATH: 
  C:\Program Files\Git\mingw64\bin;C:\Program Files\Git\usr\bin;C:\Users\计传婷\bin;C:\Users\计传婷\bin;C:\Program Files\Git\mingw64\bin;C:\Program Files\Git\usr\local\bin;C:\Program Files\Git\usr\bin;C:\Program Files\Git\usr\bin;C:\Program Files\Git\mingw64\bin;C:\Program Files\Git\usr\bin;C:\Users\计传婷\bin;C:\adb;C:\windows\system32;C:\windows;C:\windows\System32\Wbem;C:\windows\System32\WindowsPowerShell\v1.0;C:\windows\System32\OpenSSH;C:\Program Files\Git\cmd;C:\Program Files\nodejs;C:\Users\计传婷\AppData\Local\Microsoft\WindowsApps;C:\Users\计传婷\AppData\Local\Programs\Microsoft VS Code\bin;C:\Users\计传婷\AppData\Roaming\npm;C:\Users\计传婷\AppData\Local\GitHubDesktop\bin;C:\Program Files\Git\usr\bin\vendor_perl;C:\Program Files\Git\usr\bin\core_perl;C;C:\Users\计传婷\AppData\Local\Yarn\bin

Yarn version: 
  1.22.10

Node version: 
  14.15.4

Platform: 
  win32 x64

Trace: 
  Error: https://registry.npm.taobao.org/guip: Not found
      at Request.params.callback [as _callback] (C:\Users\计传婷\AppData\Roaming\npm\node_modules\yarn\lib\cli.js:66988:18)
      at Request.self.callback (C:\Users\计传婷\AppData\Roaming\npm\node_modules\yarn\lib\cli.js:140662:22)
      at Request.emit (events.js:315:20)
      at Request.<anonymous> (C:\Users\计传婷\AppData\Roaming\npm\node_modules\yarn\lib\cli.js:141634:10)
      at Request.emit (events.js:315:20)
      at IncomingMessage.<anonymous> (C:\Users\计传婷\AppData\Roaming\npm\node_modules\yarn\lib\cli.js:141556:12)
      at Object.onceWrapper (events.js:421:28)
      at IncomingMessage.emit (events.js:327:22)
      at endReadableNT (internal/streams/readable.js:1327:12)
      at processTicksAndRejections (internal/process/task_queues.js:80:21)

npm manifest: 
  {
      "name": "04-Grunt-Gulp",
      "version": "1.0.0",
      "main": "index.js",
      "author": "计传婷 <1196342044@qq.com>",
      "license": "MIT",
      "dependencies": {
          "grunt": "^1.4.1"
      }
  }

yarn manifest: 
  No manifest

Lockfile: 
  # THIS IS AN AUTOGENERATED FILE. DO NOT EDIT THIS FILE DIRECTLY.
  # yarn lockfile v1
  
  
  abbrev@1:
    version "1.1.1"
    resolved "https://registry.npm.taobao.org/abbrev/download/abbrev-1.1.1.tgz#f8f2c887ad10bf67f634f005b6987fed3179aac8"
    integrity sha1-+PLIh60Qv2f2NPAFtph/7TF5qsg=
  
  ansi-styles@^4.1.0:
    version "4.3.0"
    resolved "https://registry.nlark.com/ansi-styles/download/ansi-styles-4.3.0.tgz?cache=0&sync_timestamp=1618995547052&other_urls=https%3A%2F%2Fregistry.nlark.com%2Fansi-styles%2Fdownload%2Fansi-styles-4.3.0.tgz#edd803628ae71c04c85ae7a0906edad34b648937"
    integrity sha1-7dgDYornHATIWuegkG7a00tkiTc=
    dependencies:
      color-convert "^2.0.1"
  
  argparse@^1.0.7:
    version "1.0.10"
    resolved "https://registry.nlark.com/argparse/download/argparse-1.0.10.tgz#bcd6791ea5ae09725e17e5ad988134cd40b3d911"
    integrity sha1-vNZ5HqWuCXJeF+WtmIE0zUCz2RE=
    dependencies:
      sprintf-js "~1.0.2"
  
  array-each@^1.0.1:
    version "1.0.1"
    resolved "https://registry.npm.taobao.org/array-each/download/array-each-1.0.1.tgz#a794af0c05ab1752846ee753a1f211a05ba0c44f"
    integrity sha1-p5SvDAWrF1KEbudTofIRoFugxE8=
  
  array-slice@^1.0.0:
    version "1.1.0"
    resolved "https://registry.nlark.com/array-slice/download/array-slice-1.1.0.tgz#e368ea15f89bc7069f7ffb89aec3a6c7d4ac22d4"
    integrity sha1-42jqFfibxwaff/uJrsOmx9SsItQ=
  
  async@~3.2.0:
    version "3.2.0"
    resolved "https://registry.npm.taobao.org/async/download/async-3.2.0.tgz?cache=0&sync_timestamp=1582513244496&other_urls=https%3A%2F%2Fregistry.npm.taobao.org%2Fasync%2Fdownload%2Fasync-3.2.0.tgz#b3a2685c5ebb641d3de02d161002c60fc9f85720"
    integrity sha1-s6JoXF67ZB094C0WEALGD8n4VyA=
  
  balanced-match@^1.0.0:
    version "1.0.2"
    resolved "https://registry.npm.taobao.org/balanced-match/download/balanced-match-1.0.2.tgz?cache=0&sync_timestamp=1617714233441&other_urls=https%3A%2F%2Fregistry.npm.taobao.org%2Fbalanced-match%2Fdownload%2Fbalanced-match-1.0.2.tgz#e83e3a7e3f300b34cb9d87f615fa0cbf357690ee"
    integrity sha1-6D46fj8wCzTLnYf2FfoMvzV2kO4=
  
  brace-expansion@^1.1.7:
    version "1.1.11"
    resolved "https://registry.npm.taobao.org/brace-expansion/download/brace-expansion-1.1.11.tgz#3c7fcbf529d87226f3d2f52b966ff5271eb441dd"
    integrity sha1-PH/L9SnYcibz0vUrlm/1Jx60Qd0=
    dependencies:
      balanced-match "^1.0.0"
      concat-map "0.0.1"
  
  braces@^3.0.1:
    version "3.0.2"
    resolved "https://registry.npm.taobao.org/braces/download/braces-3.0.2.tgz#3454e1a462ee8d599e236df336cd9ea4f8afe107"
    integrity sha1-NFThpGLujVmeI23zNs2epPiv4Qc=
    dependencies:
      fill-range "^7.0.1"
  
  chalk@~4.1.0:
    version "4.1.2"
    resolved "https://registry.nlark.com/chalk/download/chalk-4.1.2.tgz?cache=0&sync_timestamp=1627646697260&other_urls=https%3A%2F%2Fregistry.nlark.com%2Fchalk%2Fdownload%2Fchalk-4.1.2.tgz#aac4e2b7734a740867aeb16bf02aad556a1e7a01"
    integrity sha1-qsTit3NKdAhnrrFr8CqtVWoeegE=
    dependencies:
      ansi-styles "^4.1.0"
      supports-color "^7.1.0"
  
  color-convert@^2.0.1:
    version "2.0.1"
    resolved "https://registry.npm.taobao.org/color-convert/download/color-convert-2.0.1.tgz#72d3a68d598c9bdb3af2ad1e84f21d896abd4de3"
    integrity sha1-ctOmjVmMm9s68q0ehPIdiWq9TeM=
    dependencies:
      color-name "~1.1.4"
  
  color-name@~1.1.4:
    version "1.1.4"
    resolved "https://registry.npm.taobao.org/color-name/download/color-name-1.1.4.tgz#c2a09a87acbde69543de6f63fa3995c826c536a2"
    integrity sha1-wqCah6y95pVD3m9j+jmVyCbFNqI=
  
  colors@~1.1.2:
    version "1.1.2"
    resolved "https://registry.npm.taobao.org/colors/download/colors-1.1.2.tgz#168a4701756b6a7f51a12ce0c97bfa28c084ed63"
    integrity sha1-FopHAXVran9RoSzgyXv6KMCE7WM=
  
  concat-map@0.0.1:
    version "0.0.1"
    resolved "https://registry.npm.taobao.org/concat-map/download/concat-map-0.0.1.tgz#d8a96bd77fd68df7793a73036a3ba0d5405d477b"
    integrity sha1-2Klr13/Wjfd5OnMDajug1UBdR3s=
  
  dateformat@~3.0.3:
    version "3.0.3"
    resolved "https://registry.npm.taobao.org/dateformat/download/dateformat-3.0.3.tgz#a6e37499a4d9a9cf85ef5872044d62901c9889ae"
    integrity sha1-puN0maTZqc+F71hyBE1ikByYia4=
  
  detect-file@^1.0.0:
    version "1.0.0"
    resolved "https://registry.npm.taobao.org/detect-file/download/detect-file-1.0.0.tgz#f0d66d03672a825cb1b73bdb3fe62310c8e552b7"
    integrity sha1-8NZtA2cqglyxtzvbP+YjEMjlUrc=
  
  esprima@^4.0.0:
    version "4.0.1"
    resolved "https://registry.npm.taobao.org/esprima/download/esprima-4.0.1.tgz#13b04cdb3e6c5d19df91ab6987a8695619b0aa71"
    integrity sha1-E7BM2z5sXRnfkatph6hpVhmwqnE=
  
  eventemitter2@~0.4.13:
    version "0.4.14"
    resolved "https://registry.npm.taobao.org/eventemitter2/download/eventemitter2-0.4.14.tgz#8f61b75cde012b2e9eb284d4545583b5643b61ab"
    integrity sha1-j2G3XN4BKy6esoTUVFWDtWQ7Yas=
  
  exit@~0.1.2:
    version "0.1.2"
    resolved "https://registry.npm.taobao.org/exit/download/exit-0.1.2.tgz#0632638f8d877cc82107d30a0fff1a17cba1cd0c"
    integrity sha1-BjJjj42HfMghB9MKD/8aF8uhzQw=
  
  expand-tilde@^2.0.0, expand-tilde@^2.0.2:
    version "2.0.2"
    resolved "https://registry.npm.taobao.org/expand-tilde/download/expand-tilde-2.0.2.tgz#97e801aa052df02454de46b02bf621642cdc8502"
    integrity sha1-l+gBqgUt8CRU3kawK/YhZCzchQI=
    dependencies:
      homedir-polyfill "^1.0.1"
  
  extend@^3.0.2:
    version "3.0.2"
    resolved "https://registry.npm.taobao.org/extend/download/extend-3.0.2.tgz#f8b1136b4071fbd8eb140aff858b1019ec2915fa"
    integrity sha1-+LETa0Bx+9jrFAr/hYsQGewpFfo=
  
  fill-range@^7.0.1:
    version "7.0.1"
    resolved "https://registry.nlark.com/fill-range/download/fill-range-7.0.1.tgz#1919a6a7c75fe38b2c7c77e5198535da9acdda40"
    integrity sha1-GRmmp8df44ssfHflGYU12prN2kA=
    dependencies:
      to-regex-range "^5.0.1"
  
  findup-sync@^4.0.0:
    version "4.0.0"
    resolved "https://registry.npm.taobao.org/findup-sync/download/findup-sync-4.0.0.tgz#956c9cdde804052b881b428512905c4a5f2cdef0"
    integrity sha1-lWyc3egEBSuIG0KFEpBcSl8s3vA=
    dependencies:
      detect-file "^1.0.0"
      is-glob "^4.0.0"
      micromatch "^4.0.2"
      resolve-dir "^1.0.1"
  
  findup-sync@~0.3.0:
    version "0.3.0"
    resolved "https://registry.npm.taobao.org/findup-sync/download/findup-sync-0.3.0.tgz#37930aa5d816b777c03445e1966cc6790a4c0b16"
    integrity sha1-N5MKpdgWt3fANEXhlmzGeQpMCxY=
    dependencies:
      glob "~5.0.0"
  
  fined@^1.2.0:
    version "1.2.0"
    resolved "https://registry.npm.taobao.org/fined/download/fined-1.2.0.tgz#d00beccf1aa2b475d16d423b0238b713a2c4a37b"
    integrity sha1-0AvszxqitHXRbUI7Aji3E6LEo3s=
    dependencies:
      expand-tilde "^2.0.2"
      is-plain-object "^2.0.3"
      object.defaults "^1.1.0"
      object.pick "^1.2.0"
      parse-filepath "^1.0.1"
  
  flagged-respawn@^1.0.1:
    version "1.0.1"
    resolved "https://registry.npm.taobao.org/flagged-respawn/download/flagged-respawn-1.0.1.tgz#e7de6f1279ddd9ca9aac8a5971d618606b3aab41"
    integrity sha1-595vEnnd2cqarIpZcdYYYGs6q0E=
  
  for-in@^1.0.1:
    version "1.0.2"
    resolved "https://registry.nlark.com/for-in/download/for-in-1.0.2.tgz#81068d295a8142ec0ac726c6e2200c30fb6d5e80"
    integrity sha1-gQaNKVqBQuwKxybG4iAMMPttXoA=
  
  for-own@^1.0.0:
    version "1.0.0"
    resolved "https://registry.npm.taobao.org/for-own/download/for-own-1.0.0.tgz#c63332f415cedc4b04dbfe70cf836494c53cb44b"
    integrity sha1-xjMy9BXO3EsE2/5wz4NklMU8tEs=
    dependencies:
      for-in "^1.0.1"
  
  fs.realpath@^1.0.0:
    version "1.0.0"
    resolved "https://registry.nlark.com/fs.realpath/download/fs.realpath-1.0.0.tgz#1504ad2523158caa40db4a2787cb01411994ea4f"
    integrity sha1-FQStJSMVjKpA20onh8sBQRmU6k8=
  
  function-bind@^1.1.1:
    version "1.1.1"
    resolved "https://registry.npm.taobao.org/function-bind/download/function-bind-1.1.1.tgz#a56899d3ea3c9bab874bb9773b7c5ede92f4895d"
    integrity sha1-pWiZ0+o8m6uHS7l3O3xe3pL0iV0=
  
  getobject@~1.0.0:
    version "1.0.1"
    resolved "https://registry.nlark.com/getobject/download/getobject-1.0.1.tgz#17d86a05913c15d173a5bcf8662dc7c7ac5ce147"
    integrity sha1-F9hqBZE8FdFzpbz4Zi3Hx6xc4Uc=
  
  glob@^7.1.3, glob@~7.1.6:
    version "7.1.7"
    resolved "https://registry.nlark.com/glob/download/glob-7.1.7.tgz?cache=0&sync_timestamp=1620337382269&other_urls=https%3A%2F%2Fregistry.nlark.com%2Fglob%2Fdownload%2Fglob-7.1.7.tgz#3b193e9233f01d42d0b3f78294bbeeb418f94a90"
    integrity sha1-Oxk+kjPwHULQs/eClLvutBj5SpA=
    dependencies:
      fs.realpath "^1.0.0"
      inflight "^1.0.4"
      inherits "2"
      minimatch "^3.0.4"
      once "^1.3.0"
      path-is-absolute "^1.0.0"
  
  glob@~5.0.0:
    version "5.0.15"
    resolved "https://registry.nlark.com/glob/download/glob-5.0.15.tgz?cache=0&sync_timestamp=1620337382269&other_urls=https%3A%2F%2Fregistry.nlark.com%2Fglob%2Fdownload%2Fglob-5.0.15.tgz#1bc936b9e02f4a603fcc222ecf7633d30b8b93b1"
    integrity sha1-G8k2ueAvSmA/zCIuz3Yz0wuLk7E=
    dependencies:
      inflight "^1.0.4"
      inherits "2"
      minimatch "2 || 3"
      once "^1.3.0"
      path-is-absolute "^1.0.0"
  
  global-modules@^1.0.0:
    version "1.0.0"
    resolved "https://registry.npm.taobao.org/global-modules/download/global-modules-1.0.0.tgz#6d770f0eb523ac78164d72b5e71a8877265cc3ea"
    integrity sha1-bXcPDrUjrHgWTXK15xqIdyZcw+o=
    dependencies:
      global-prefix "^1.0.1"
      is-windows "^1.0.1"
      resolve-dir "^1.0.0"
  
  global-prefix@^1.0.1:
    version "1.0.2"
    resolved "https://registry.npm.taobao.org/global-prefix/download/global-prefix-1.0.2.tgz#dbf743c6c14992593c655568cb66ed32c0122ebe"
    integrity sha1-2/dDxsFJklk8ZVVoy2btMsASLr4=
    dependencies:
      expand-tilde "^2.0.2"
      homedir-polyfill "^1.0.1"
      ini "^1.3.4"
      is-windows "^1.0.1"
      which "^1.2.14"
  
  grunt-cli@~1.4.2:
    version "1.4.3"
    resolved "https://registry.nlark.com/grunt-cli/download/grunt-cli-1.4.3.tgz?cache=0&sync_timestamp=1621907433626&other_urls=https%3A%2F%2Fregistry.nlark.com%2Fgrunt-cli%2Fdownload%2Fgrunt-cli-1.4.3.tgz#22c9f1a3d2780bf9b0d206e832e40f8f499175ff"
    integrity sha1-Isnxo9J4C/mw0gboMuQPj0mRdf8=
    dependencies:
      grunt-known-options "~2.0.0"
      interpret "~1.1.0"
      liftup "~3.0.1"
      nopt "~4.0.1"
      v8flags "~3.2.0"
  
  grunt-known-options@~2.0.0:
    version "2.0.0"
    resolved "https://registry.nlark.com/grunt-known-options/download/grunt-known-options-2.0.0.tgz#cac641e897f9a0a680b8c9839803d35f3325103c"
    integrity sha1-ysZB6Jf5oKaAuMmDmAPTXzMlEDw=
  
  grunt-legacy-log-utils@~2.1.0:
    version "2.1.0"
    resolved "https://registry.npm.taobao.org/grunt-legacy-log-utils/download/grunt-legacy-log-utils-2.1.0.tgz?cache=0&sync_timestamp=1597803217906&other_urls=https%3A%2F%2Fregistry.npm.taobao.org%2Fgrunt-legacy-log-utils%2Fdownload%2Fgrunt-legacy-log-utils-2.1.0.tgz#49a8c7dc74051476dcc116c32faf9db8646856ef"
    integrity sha1-SajH3HQFFHbcwRbDL6+duGRoVu8=
    dependencies:
      chalk "~4.1.0"
      lodash "~4.17.19"
  
  grunt-legacy-log@~3.0.0:
    version "3.0.0"
    resolved "https://registry.npm.taobao.org/grunt-legacy-log/download/grunt-legacy-log-3.0.0.tgz?cache=0&sync_timestamp=1597802335940&other_urls=https%3A%2F%2Fregistry.npm.taobao.org%2Fgrunt-legacy-log%2Fdownload%2Fgrunt-legacy-log-3.0.0.tgz#1c6eaf92371ea415af31ea84ce50d434ef6d39c4"
    integrity sha1-HG6vkjcepBWvMeqEzlDUNO9tOcQ=
    dependencies:
      colors "~1.1.2"
      grunt-legacy-log-utils "~2.1.0"
      hooker "~0.2.3"
      lodash "~4.17.19"
  
  grunt-legacy-util@~2.0.1:
    version "2.0.1"
    resolved "https://registry.nlark.com/grunt-legacy-util/download/grunt-legacy-util-2.0.1.tgz?cache=0&sync_timestamp=1619107912827&other_urls=https%3A%2F%2Fregistry.nlark.com%2Fgrunt-legacy-util%2Fdownload%2Fgrunt-legacy-util-2.0.1.tgz#0f929d13a2faf9988c9917c82bff609e2d9ba255"
    integrity sha1-D5KdE6L6+ZiMmRfIK/9gni2bolU=
    dependencies:
      async "~3.2.0"
      exit "~0.1.2"
      getobject "~1.0.0"
      hooker "~0.2.3"
      lodash "~4.17.21"
      underscore.string "~3.3.5"
      which "~2.0.2"
  
  grunt@^1.4.1:
    version "1.4.1"
    resolved "https://registry.nlark.com/grunt/download/grunt-1.4.1.tgz?cache=0&other_urls=https%3A%2F%2Fregistry.nlark.com%2Fgrunt%2Fdownload%2Fgrunt-1.4.1.tgz#7d1e17db1f9c8108777f7273d6b9359755576f50"
    integrity sha1-fR4X2x+cgQh3f3Jz1rk1l1VXb1A=
    dependencies:
      dateformat "~3.0.3"
      eventemitter2 "~0.4.13"
      exit "~0.1.2"
      findup-sync "~0.3.0"
      glob "~7.1.6"
      grunt-cli "~1.4.2"
      grunt-known-options "~2.0.0"
      grunt-legacy-log "~3.0.0"
      grunt-legacy-util "~2.0.1"
      iconv-lite "~0.4.13"
      js-yaml "~3.14.0"
      minimatch "~3.0.4"
      mkdirp "~1.0.4"
      nopt "~3.0.6"
      rimraf "~3.0.2"
  
  has-flag@^4.0.0:
    version "4.0.0"
    resolved "https://registry.nlark.com/has-flag/download/has-flag-4.0.0.tgz#944771fd9c81c81265c4d6941860da06bb59479b"
    integrity sha1-lEdx/ZyByBJlxNaUGGDaBrtZR5s=
  
  has@^1.0.3:
    version "1.0.3"
    resolved "https://registry.npm.taobao.org/has/download/has-1.0.3.tgz#722d7cbfc1f6aa8241f16dd814e011e1f41e8796"
    integrity sha1-ci18v8H2qoJB8W3YFOAR4fQeh5Y=
    dependencies:
      function-bind "^1.1.1"
  
  homedir-polyfill@^1.0.1:
    version "1.0.3"
    resolved "https://registry.nlark.com/homedir-polyfill/download/homedir-polyfill-1.0.3.tgz#743298cef4e5af3e194161fbadcc2151d3a058e8"
    integrity sha1-dDKYzvTlrz4ZQWH7rcwhUdOgWOg=
    dependencies:
      parse-passwd "^1.0.0"
  
  hooker@~0.2.3:
    version "0.2.3"
    resolved "https://registry.npm.taobao.org/hooker/download/hooker-0.2.3.tgz#b834f723cc4a242aa65963459df6d984c5d3d959"
    integrity sha1-uDT3I8xKJCqmWWNFnfbZhMXT2Vk=
  
  iconv-lite@~0.4.13:
    version "0.4.24"
    resolved "https://registry.nlark.com/iconv-lite/download/iconv-lite-0.4.24.tgz?cache=0&sync_timestamp=1621826342262&other_urls=https%3A%2F%2Fregistry.nlark.com%2Ficonv-lite%2Fdownload%2Ficonv-lite-0.4.24.tgz#2022b4b25fbddc21d2f524974a474aafe733908b"
    integrity sha1-ICK0sl+93CHS9SSXSkdKr+czkIs=
    dependencies:
      safer-buffer ">= 2.1.2 < 3"
  
  inflight@^1.0.4:
    version "1.0.6"
    resolved "https://registry.npm.taobao.org/inflight/download/inflight-1.0.6.tgz#49bd6331d7d02d0c09bc910a1075ba8165b56df9"
    integrity sha1-Sb1jMdfQLQwJvJEKEHW6gWW1bfk=
    dependencies:
      once "^1.3.0"
      wrappy "1"
  
  inherits@2:
    version "2.0.4"
    resolved "https://registry.npm.taobao.org/inherits/download/inherits-2.0.4.tgz#0fa2c64f932917c3433a0ded55363aae37416b7c"
    integrity sha1-D6LGT5MpF8NDOg3tVTY6rjdBa3w=
  
  ini@^1.3.4:
    version "1.3.8"
    resolved "https://registry.npm.taobao.org/ini/download/ini-1.3.8.tgz?cache=0&sync_timestamp=1607907842483&other_urls=https%3A%2F%2Fregistry.npm.taobao.org%2Fini%2Fdownload%2Fini-1.3.8.tgz#a29da425b48806f34767a4efce397269af28432c"
    integrity sha1-op2kJbSIBvNHZ6Tvzjlyaa8oQyw=
  
  interpret@~1.1.0:
    version "1.1.0"
    resolved "https://registry.npm.taobao.org/interpret/download/interpret-1.1.0.tgz?cache=0&sync_timestamp=1591167206134&other_urls=https%3A%2F%2Fregistry.npm.taobao.org%2Finterpret%2Fdownload%2Finterpret-1.1.0.tgz#7ed1b1410c6a0e0f78cf95d3b8440c63f78b8614"
    integrity sha1-ftGxQQxqDg94z5XTuEQMY/eLhhQ=
  
  is-absolute@^1.0.0:
    version "1.0.0"
    resolved "https://registry.nlark.com/is-absolute/download/is-absolute-1.0.0.tgz#395e1ae84b11f26ad1795e73c17378e48a301576"
    integrity sha1-OV4a6EsR8mrReV5zwXN45IowFXY=
    dependencies:
      is-relative "^1.0.0"
      is-windows "^1.0.1"
  
  is-core-module@^2.2.0:
    version "2.5.0"
    resolved "https://registry.nlark.com/is-core-module/download/is-core-module-2.5.0.tgz#f754843617c70bfd29b7bd87327400cda5c18491"
    integrity sha1-91SENhfHC/0pt72HMnQAzaXBhJE=
    dependencies:
      has "^1.0.3"
  
  is-extglob@^2.1.1:
    version "2.1.1"
    resolved "https://registry.nlark.com/is-extglob/download/is-extglob-2.1.1.tgz#a88c02535791f02ed37c76a1b9ea9773c833f8c2"
    integrity sha1-qIwCU1eR8C7TfHahueqXc8gz+MI=
  
  is-glob@^4.0.0:
    version "4.0.1"
    resolved "https://registry.npm.taobao.org/is-glob/download/is-glob-4.0.1.tgz#7567dbe9f2f5e2467bc77ab83c4a29482407a5dc"
    integrity sha1-dWfb6fL14kZ7x3q4PEopSCQHpdw=
    dependencies:
      is-extglob "^2.1.1"
  
  is-number@^7.0.0:
    version "7.0.0"
    resolved "https://registry.npm.taobao.org/is-number/download/is-number-7.0.0.tgz#7535345b896734d5f80c4d06c50955527a14f12b"
    integrity sha1-dTU0W4lnNNX4DE0GxQlVUnoU8Ss=
  
  is-plain-object@^2.0.3, is-plain-object@^2.0.4:
    version "2.0.4"
    resolved "https://registry.nlark.com/is-plain-object/download/is-plain-object-2.0.4.tgz#2c163b3fafb1b606d9d17928f05c2a1c38e07677"
    integrity sha1-LBY7P6+xtgbZ0Xko8FwqHDjgdnc=
    dependencies:
      isobject "^3.0.1"
  
  is-relative@^1.0.0:
    version "1.0.0"
    resolved "https://registry.nlark.com/is-relative/download/is-relative-1.0.0.tgz#a1bb6935ce8c5dba1e8b9754b9b2dcc020e2260d"
    integrity sha1-obtpNc6MXboei5dUubLcwCDiJg0=
    dependencies:
      is-unc-path "^1.0.0"
  
  is-unc-path@^1.0.0:
    version "1.0.0"
    resolved "https://registry.npm.taobao.org/is-unc-path/download/is-unc-path-1.0.0.tgz#d731e8898ed090a12c352ad2eaed5095ad322c9d"
    integrity sha1-1zHoiY7QkKEsNSrS6u1Qla0yLJ0=
    dependencies:
      unc-path-regex "^0.1.2"
  
  is-windows@^1.0.1:
    version "1.0.2"
    resolved "https://registry.npm.taobao.org/is-windows/download/is-windows-1.0.2.tgz#d1850eb9791ecd18e6182ce12a30f396634bb19d"
    integrity sha1-0YUOuXkezRjmGCzhKjDzlmNLsZ0=
  
  isexe@^2.0.0:
    version "2.0.0"
    resolved "https://registry.npm.taobao.org/isexe/download/isexe-2.0.0.tgz#e8fbf374dc556ff8947a10dcb0572d633f2cfa10"
    integrity sha1-6PvzdNxVb/iUehDcsFctYz8s+hA=
  
  isobject@^3.0.0, isobject@^3.0.1:
    version "3.0.1"
    resolved "https://registry.nlark.com/isobject/download/isobject-3.0.1.tgz#4e431e92b11a9731636aa1f9c8d1ccbcfdab78df"
    integrity sha1-TkMekrEalzFjaqH5yNHMvP2reN8=
  
  js-yaml@~3.14.0:
    version "3.14.1"
    resolved "https://registry.nlark.com/js-yaml/download/js-yaml-3.14.1.tgz?cache=0&sync_timestamp=1618846844115&other_urls=https%3A%2F%2Fregistry.nlark.com%2Fjs-yaml%2Fdownload%2Fjs-yaml-3.14.1.tgz#dae812fdb3825fa306609a8717383c50c36a0537"
    integrity sha1-2ugS/bOCX6MGYJqHFzg8UMNqBTc=
    dependencies:
      argparse "^1.0.7"
      esprima "^4.0.0"
  
  kind-of@^6.0.2:
    version "6.0.3"
    resolved "https://registry.npm.taobao.org/kind-of/download/kind-of-6.0.3.tgz#07c05034a6c349fa06e24fa35aa76db4580ce4dd"
    integrity sha1-B8BQNKbDSfoG4k+jWqdttFgM5N0=
  
  liftup@~3.0.1:
    version "3.0.1"
    resolved "https://registry.npm.taobao.org/liftup/download/liftup-3.0.1.tgz?cache=0&sync_timestamp=1617546330664&other_urls=https%3A%2F%2Fregistry.npm.taobao.org%2Fliftup%2Fdownload%2Fliftup-3.0.1.tgz#1cb81aff0f368464ed3a5f1a7286372d6b1a60ce"
    integrity sha1-HLga/w82hGTtOl8acoY3LWsaYM4=
    dependencies:
      extend "^3.0.2"
      findup-sync "^4.0.0"
      fined "^1.2.0"
      flagged-respawn "^1.0.1"
      is-plain-object "^2.0.4"
      object.map "^1.0.1"
      rechoir "^0.7.0"
      resolve "^1.19.0"
  
  lodash@~4.17.19, lodash@~4.17.21:
    version "4.17.21"
    resolved "https://registry.npm.taobao.org/lodash/download/lodash-4.17.21.tgz#679591c564c3bffaae8454cf0b3df370c3d6911c"
    integrity sha1-Z5WRxWTDv/quhFTPCz3zcMPWkRw=
  
  make-iterator@^1.0.0:
    version "1.0.1"
    resolved "https://registry.npm.taobao.org/make-iterator/download/make-iterator-1.0.1.tgz#29b33f312aa8f547c4a5e490f56afcec99133ad6"
    integrity sha1-KbM/MSqo9UfEpeSQ9Wr87JkTOtY=
    dependencies:
      kind-of "^6.0.2"
  
  map-cache@^0.2.0:
    version "0.2.2"
    resolved "https://registry.npm.taobao.org/map-cache/download/map-cache-0.2.2.tgz#c32abd0bd6525d9b051645bb4f26ac5dc98a0dbf"
    integrity sha1-wyq9C9ZSXZsFFkW7TyasXcmKDb8=
  
  micromatch@^4.0.2:
    version "4.0.4"
    resolved "https://registry.npm.taobao.org/micromatch/download/micromatch-4.0.4.tgz?cache=0&sync_timestamp=1618054842871&other_urls=https%3A%2F%2Fregistry.npm.taobao.org%2Fmicromatch%2Fdownload%2Fmicromatch-4.0.4.tgz#896d519dfe9db25fce94ceb7a500919bf881ebf9"
    integrity sha1-iW1Rnf6dsl/OlM63pQCRm/iB6/k=
    dependencies:
      braces "^3.0.1"
      picomatch "^2.2.3"
  
  "minimatch@2 || 3", minimatch@^3.0.4, minimatch@~3.0.4:
    version "3.0.4"
    resolved "https://registry.nlark.com/minimatch/download/minimatch-3.0.4.tgz?cache=0&sync_timestamp=1618846754554&other_urls=https%3A%2F%2Fregistry.nlark.com%2Fminimatch%2Fdownload%2Fminimatch-3.0.4.tgz#5166e286457f03306064be5497e8dbb0c3d32083"
    integrity sha1-UWbihkV/AzBgZL5Ul+jbsMPTIIM=
    dependencies:
      brace-expansion "^1.1.7"
  
  mkdirp@~1.0.4:
    version "1.0.4"
    resolved "https://registry.npm.taobao.org/mkdirp/download/mkdirp-1.0.4.tgz#3eb5ed62622756d79a5f0e2a221dfebad75c2f7e"
    integrity sha1-PrXtYmInVteaXw4qIh3+utdcL34=
  
  nopt@~3.0.6:
    version "3.0.6"
    resolved "https://registry.npm.taobao.org/nopt/download/nopt-3.0.6.tgz?cache=0&sync_timestamp=1597649892953&other_urls=https%3A%2F%2Fregistry.npm.taobao.org%2Fnopt%2Fdownload%2Fnopt-3.0.6.tgz#c6465dbf08abcd4db359317f79ac68a646b28ff9"
    integrity sha1-xkZdvwirzU2zWTF/eaxopkayj/k=
    dependencies:
      abbrev "1"
  
  nopt@~4.0.1:
    version "4.0.3"
    resolved "https://registry.npm.taobao.org/nopt/download/nopt-4.0.3.tgz?cache=0&sync_timestamp=1597649892953&other_urls=https%3A%2F%2Fregistry.npm.taobao.org%2Fnopt%2Fdownload%2Fnopt-4.0.3.tgz#a375cad9d02fd921278d954c2254d5aa57e15e48"
    integrity sha1-o3XK2dAv2SEnjZVMIlTVqlfhXkg=
    dependencies:
      abbrev "1"
      osenv "^0.1.4"
  
  object.defaults@^1.1.0:
    version "1.1.0"
    resolved "https://registry.npm.taobao.org/object.defaults/download/object.defaults-1.1.0.tgz#3a7f868334b407dea06da16d88d5cd29e435fecf"
    integrity sha1-On+GgzS0B96gbaFtiNXNKeQ1/s8=
    dependencies:
      array-each "^1.0.1"
      array-slice "^1.0.0"
      for-own "^1.0.0"
      isobject "^3.0.0"
  
  object.map@^1.0.1:
    version "1.0.1"
    resolved "https://registry.npm.taobao.org/object.map/download/object.map-1.0.1.tgz#cf83e59dc8fcc0ad5f4250e1f78b3b81bd801d37"
    integrity sha1-z4Plncj8wK1fQlDh94s7gb2AHTc=
    dependencies:
      for-own "^1.0.0"
      make-iterator "^1.0.0"
  
  object.pick@^1.2.0:
    version "1.3.0"
    resolved "https://registry.nlark.com/object.pick/download/object.pick-1.3.0.tgz#87a10ac4c1694bd2e1cbf53591a66141fb5dd747"
    integrity sha1-h6EKxMFpS9Lhy/U1kaZhQftd10c=
    dependencies:
      isobject "^3.0.1"
  
  once@^1.3.0:
    version "1.4.0"
    resolved "https://registry.npm.taobao.org/once/download/once-1.4.0.tgz#583b1aa775961d4b113ac17d9c50baef9dd76bd1"
    integrity sha1-WDsap3WWHUsROsF9nFC6753Xa9E=
    dependencies:
      wrappy "1"
  
  os-homedir@^1.0.0:
    version "1.0.2"
    resolved "https://registry.npm.taobao.org/os-homedir/download/os-homedir-1.0.2.tgz#ffbc4988336e0e833de0c168c7ef152121aa7fb3"
    integrity sha1-/7xJiDNuDoM94MFox+8VISGqf7M=
  
  os-tmpdir@^1.0.0:
    version "1.0.2"
    resolved "https://registry.nlark.com/os-tmpdir/download/os-tmpdir-1.0.2.tgz#bbe67406c79aa85c5cfec766fe5734555dfa1274"
    integrity sha1-u+Z0BseaqFxc/sdm/lc0VV36EnQ=
  
  osenv@^0.1.4:
    version "0.1.5"
    resolved "https://registry.nlark.com/osenv/download/osenv-0.1.5.tgz#85cdfafaeb28e8677f416e287592b5f3f49ea410"
    integrity sha1-hc36+uso6Gd/QW4odZK18/SepBA=
    dependencies:
      os-homedir "^1.0.0"
      os-tmpdir "^1.0.0"
  
  parse-filepath@^1.0.1:
    version "1.0.2"
    resolved "https://registry.nlark.com/parse-filepath/download/parse-filepath-1.0.2.tgz#a632127f53aaf3d15876f5872f3ffac763d6c891"
    integrity sha1-pjISf1Oq89FYdvWHLz/6x2PWyJE=
    dependencies:
      is-absolute "^1.0.0"
      map-cache "^0.2.0"
      path-root "^0.1.1"
  
  parse-passwd@^1.0.0:
    version "1.0.0"
    resolved "https://registry.npm.taobao.org/parse-passwd/download/parse-passwd-1.0.0.tgz#6d5b934a456993b23d37f40a382d6f1666a8e5c6"
    integrity sha1-bVuTSkVpk7I9N/QKOC1vFmao5cY=
  
  path-is-absolute@^1.0.0:
    version "1.0.1"
    resolved "https://registry.npm.taobao.org/path-is-absolute/download/path-is-absolute-1.0.1.tgz#174b9268735534ffbc7ace6bf53a5a9e1b5c5f5f"
    integrity sha1-F0uSaHNVNP+8es5r9TpanhtcX18=
  
  path-parse@^1.0.6:
    version "1.0.7"
    resolved "https://registry.nlark.com/path-parse/download/path-parse-1.0.7.tgz#fbc114b60ca42b30d9daf5858e4bd68bbedb6735"
    integrity sha1-+8EUtgykKzDZ2vWFjkvWi77bZzU=
  
  path-root-regex@^0.1.0:
    version "0.1.2"
    resolved "https://registry.nlark.com/path-root-regex/download/path-root-regex-0.1.2.tgz#bfccdc8df5b12dc52c8b43ec38d18d72c04ba96d"
    integrity sha1-v8zcjfWxLcUsi0PsONGNcsBLqW0=
  
  path-root@^0.1.1:
    version "0.1.1"
    resolved "https://registry.npm.taobao.org/path-root/download/path-root-0.1.1.tgz#9a4a6814cac1c0cd73360a95f32083c8ea4745b7"
    integrity sha1-mkpoFMrBwM1zNgqV8yCDyOpHRbc=
    dependencies:
      path-root-regex "^0.1.0"
  
  picomatch@^2.2.3:
    version "2.3.0"
    resolved "https://registry.nlark.com/picomatch/download/picomatch-2.3.0.tgz?cache=0&sync_timestamp=1621648246651&other_urls=https%3A%2F%2Fregistry.nlark.com%2Fpicomatch%2Fdownload%2Fpicomatch-2.3.0.tgz#f1f061de8f6a4bf022892e2d128234fb98302972"
    integrity sha1-8fBh3o9qS/AiiS4tEoI0+5gwKXI=
  
  rechoir@^0.7.0:
    version "0.7.1"
    resolved "https://registry.nlark.com/rechoir/download/rechoir-0.7.1.tgz?cache=0&sync_timestamp=1627101702123&other_urls=https%3A%2F%2Fregistry.nlark.com%2Frechoir%2Fdownload%2Frechoir-0.7.1.tgz#9478a96a1ca135b5e88fc027f03ee92d6c645686"
    integrity sha1-lHipahyhNbXoj8An8D7pLWxkVoY=
    dependencies:
      resolve "^1.9.0"
  
  resolve-dir@^1.0.0, resolve-dir@^1.0.1:
    version "1.0.1"
    resolved "https://registry.npm.taobao.org/resolve-dir/download/resolve-dir-1.0.1.tgz#79a40644c362be82f26effe739c9bb5382046f43"
    integrity sha1-eaQGRMNivoLybv/nOcm7U4IEb0M=
    dependencies:
      expand-tilde "^2.0.0"
      global-modules "^1.0.0"
  
  resolve@^1.19.0, resolve@^1.9.0:
    version "1.20.0"
    resolved "https://registry.npm.taobao.org/resolve/download/resolve-1.20.0.tgz#629a013fb3f70755d6f0b7935cc1c2c5378b1975"
    integrity sha1-YpoBP7P3B1XW8LeTXMHCxTeLGXU=
    dependencies:
      is-core-module "^2.2.0"
      path-parse "^1.0.6"
  
  rimraf@~3.0.2:
    version "3.0.2"
    resolved "https://registry.npm.taobao.org/rimraf/download/rimraf-3.0.2.tgz#f1a5402ba6220ad52cc1282bac1ae3aa49fd061a"
    integrity sha1-8aVAK6YiCtUswSgrrBrjqkn9Bho=
    dependencies:
      glob "^7.1.3"
  
  "safer-buffer@>= 2.1.2 < 3":
    version "2.1.2"
    resolved "https://registry.npm.taobao.org/safer-buffer/download/safer-buffer-2.1.2.tgz#44fa161b0187b9549dd84bb91802f9bd8385cd6a"
    integrity sha1-RPoWGwGHuVSd2Eu5GAL5vYOFzWo=
  
  sprintf-js@^1.0.3:
    version "1.1.2"
    resolved "https://registry.nlark.com/sprintf-js/download/sprintf-js-1.1.2.tgz#da1765262bf8c0f571749f2ad6c26300207ae673"
    integrity sha1-2hdlJiv4wPVxdJ8q1sJjACB65nM=
  
  sprintf-js@~1.0.2:
    version "1.0.3"
    resolved "https://registry.nlark.com/sprintf-js/download/sprintf-js-1.0.3.tgz#04e6926f662895354f3dd015203633b857297e2c"
    integrity sha1-BOaSb2YolTVPPdAVIDYzuFcpfiw=
  
  supports-color@^7.1.0:
    version "7.2.0"
    resolved "https://registry.nlark.com/supports-color/download/supports-color-7.2.0.tgz#1b7dcdcb32b8138801b3e478ba6a51caa89648da"
    integrity sha1-G33NyzK4E4gBs+R4umpRyqiWSNo=
    dependencies:
      has-flag "^4.0.0"
  
  to-regex-range@^5.0.1:
    version "5.0.1"
    resolved "https://registry.npm.taobao.org/to-regex-range/download/to-regex-range-5.0.1.tgz#1648c44aae7c8d988a326018ed72f5b4dd0392e4"
    integrity sha1-FkjESq58jZiKMmAY7XL1tN0DkuQ=
    dependencies:
      is-number "^7.0.0"
  
  unc-path-regex@^0.1.2:
    version "0.1.2"
    resolved "https://registry.npm.taobao.org/unc-path-regex/download/unc-path-regex-0.1.2.tgz#e73dd3d7b0d7c5ed86fbac6b0ae7d8c6a69d50fa"
    integrity sha1-5z3T17DXxe2G+6xrCufYxqadUPo=
  
  underscore.string@~3.3.5:
    version "3.3.5"
    resolved "https://registry.npm.taobao.org/underscore.string/download/underscore.string-3.3.5.tgz#fc2ad255b8bd309e239cbc5816fd23a9b7ea4023"
    integrity sha1-/CrSVbi9MJ4jnLxYFv0jqbfqQCM=
    dependencies:
      sprintf-js "^1.0.3"
      util-deprecate "^1.0.2"
  
  util-deprecate@^1.0.2:
    version "1.0.2"
    resolved "https://registry.npm.taobao.org/util-deprecate/download/util-deprecate-1.0.2.tgz#450d4dc9fa70de732762fbd2d4a28981419a0ccf"
    integrity sha1-RQ1Nyfpw3nMnYvvS1KKJgUGaDM8=
  
  v8flags@~3.2.0:
    version "3.2.0"
    resolved "https://registry.npm.taobao.org/v8flags/download/v8flags-3.2.0.tgz#b243e3b4dfd731fa774e7492128109a0fe66d656"
    integrity sha1-skPjtN/XMfp3TnSSEoEJoP5m1lY=
    dependencies:
      homedir-polyfill "^1.0.1"
  
  which@^1.2.14:
    version "1.3.1"
    resolved "https://registry.npm.taobao.org/which/download/which-1.3.1.tgz#a45043d54f5805316da8d62f9f50918d3da70b0a"
    integrity sha1-pFBD1U9YBTFtqNYvn1CRjT2nCwo=
    dependencies:
      isexe "^2.0.0"
  
  which@~2.0.2:
    version "2.0.2"
    resolved "https://registry.npm.taobao.org/which/download/which-2.0.2.tgz#7c6a8dd0a636a0327e10b59c9286eee93f3f51b1"
    integrity sha1-fGqN0KY2oDJ+ELWckobu6T8/UbE=
    dependencies:
      isexe "^2.0.0"
  
  wrappy@1:
    version "1.0.2"
    resolved "https://registry.nlark.com/wrappy/download/wrappy-1.0.2.tgz?cache=0&sync_timestamp=1619133505879&other_urls=https%3A%2F%2Fregistry.nlark.com%2Fwrappy%2Fdownload%2Fwrappy-1.0.2.tgz#b5243d8f3ec1aa35f1364605bc0d1036e30ab69f"
    integrity sha1-tSQ9jz7BqjXxNkYFvA0QNuMKtp8=
